2022-05-07 17:50:41,984:INFO:discord.client: logging in using static token
2022-05-07 17:50:42,328:DEBUG:discord.http: GET https://discord.com/api/v7/users/@me with None has returned 200
2022-05-07 17:50:42,328:DEBUG:discord.http: GET https://discord.com/api/v7/users/@me has received {'id': '971085717591695400', 'username': 'Berber', 'avatar': None, 'avatar_decoration': None, 'discriminator': '1597', 'public_flags': 0, 'flags': 0, 'bot': True, 'banner': None, 'banner_color': None, 'accent_color': None, 'bio': '', 'pronouns': '', 'locale': 'en-US', 'mfa_enabled': False, 'email': None, 'verified': True}
2022-05-07 17:50:42,391:DEBUG:discord.http: GET https://discord.com/api/v7/gateway with None has returned 200
2022-05-07 17:50:42,391:DEBUG:discord.http: GET https://discord.com/api/v7/gateway has received {'url': 'wss://gateway.discord.gg'}
2022-05-07 17:50:42,625:DEBUG:discord.gateway: Created websocket connected to wss://gateway.discord.gg?encoding=json&v=6&compress=zlib-stream
2022-05-07 17:50:42,625:DEBUG:discord.client: Dispatching event socket_raw_receive
2022-05-07 17:50:42,625:DEBUG:discord.gateway: For Shard ID None: WebSocket Event: {'t': None, 's': None, 'op': 10, 'd': {'heartbeat_interval': 41250, '_trace': ['["gateway-prd-main-w224",{"micros":0.0}]']}}
2022-05-07 17:50:42,625:DEBUG:discord.client: Dispatching event socket_response
2022-05-07 17:50:42,625:DEBUG:discord.client: Dispatching event socket_raw_send
2022-05-07 17:50:42,625:DEBUG:discord.client: Dispatching event socket_raw_send
2022-05-07 17:50:42,625:INFO:discord.gateway: Shard ID None has sent the IDENTIFY payload.
2022-05-07 17:50:42,781:DEBUG:discord.client: Dispatching event socket_raw_receive
2022-05-07 17:50:42,781:DEBUG:discord.gateway: For Shard ID None: WebSocket Event: {'t': None, 's': None, 'op': 11, 'd': None}
2022-05-07 17:50:42,781:DEBUG:discord.client: Dispatching event socket_response
2022-05-07 17:50:43,000:DEBUG:discord.client: Dispatching event socket_raw_receive
2022-05-07 17:50:43,000:DEBUG:discord.gateway: For Shard ID None: WebSocket Event: {'t': 'READY', 's': 1, 'op': 0, 'd': {'v': 6, 'user_settings': {}, 'user': {'verified': True, 'username': 'Berber', 'mfa_enabled': False, 'id': '971085717591695400', 'flags': 0, 'email': None, 'discriminator': '1597', 'bot': True, 'avatar': None}, 'session_id': '839289f81877d1e3be6c3772c8ed24c2', 'relationships': [], 'private_channels': [], 'presences': [], 'guilds': [{'unavailable': True, 'id': '971085376758370405'}], 'guild_join_requests': [], 'geo_ordered_rtc_regions': ['st-pete', 'russia', 'stockholm', 'bucharest', 'rotterdam'], 'application': {'id': '971085717591695400', 'flags': 827392}, '_trace': ['["gateway-prd-main-w224",{"micros":211094,"calls":["discord-sessions-blue-prd-2-20",{"micros":209332,"calls":["start_session",{"micros":166607,"calls":["discord-api-f67fc4dd5-kldwx",{"micros":159654,"calls":["get_user",{"micros":15934},"add_authorized_ip",{"micros":3496},"get_guilds",{"micros":9601},"coros_wait",{"micros":2}]}]},"guilds_connect",{"micros":2,"calls":[]},"presence_connect",{"micros":37350,"calls":[]}]}]}]']}}
2022-05-07 17:50:43,000:DEBUG:discord.client: Dispatching event socket_response
2022-05-07 17:50:43,000:INFO:discord.gateway: Shard ID None has connected to Gateway: ["gateway-prd-main-w224",{"micros":211094,"calls":["discord-sessions-blue-prd-2-20",{"micros":209332,"calls":["start_session",{"micros":166607,"calls":["discord-api-f67fc4dd5-kldwx",{"micros":159654,"calls":["get_user",{"micros":15934},"add_authorized_ip",{"micros":3496},"get_guilds",{"micros":9601},"coros_wait",{"micros":2}]}]},"guilds_connect",{"micros":2,"calls":[]},"presence_connect",{"micros":37350,"calls":[]}]}]}] (Session ID: 839289f81877d1e3be6c3772c8ed24c2).
2022-05-07 17:50:43,000:DEBUG:discord.client: Dispatching event connect
2022-05-07 17:50:43,000:DEBUG:discord.client: Dispatching event socket_raw_receive
2022-05-07 17:50:43,000:DEBUG:discord.gateway: For Shard ID None: WebSocket Event: {'t': 'GUILD_CREATE', 's': 2, 'op': 0, 'd': {'nsfw_level': 0, 'system_channel_id': '971085376758370408', 'vanity_url_code': None, 'name': 'ты бот', 'emojis': [], 'discovery_splash': None, 'max_video_channel_users': 25, 'afk_channel_id': None, 'nsfw': False, 'large': False, 'guild_scheduled_events': [], 'icon': None, 'application_id': None, 'max_members': 500000, 'region': 'deprecated', 'rules_channel_id': None, 'premium_progress_bar_enabled': False, 'application_command_counts': {'3': 0, '2': 0, '1': 3}, 'unavailable': False, 'lazy': True, 'roles': [{'unicode_emoji': None, 'tags': {}, 'position': 0, 'permissions_new': '1071698660929', 'permissions': 104320577, 'name': '@everyone', 'mentionable': False, 'managed': False, 'id': '971085376758370405', 'icon': None, 'hoist': False, 'flags': 0, 'color': 0}, {'unicode_emoji': None, 'tags': {'bot_id': '971085717591695400'}, 'position': 1, 'permissions_new': '8', 'permissions': 8, 'name': 'Berber', 'mentionable': False, 'managed': True, 'id': '971099736499159044', 'icon': None, 'hoist': False, 'flags': 0, 'color': 0}], 'preferred_locale': 'en-US', 'voice_states': [], 'stage_instances': [], 'afk_timeout': 300, 'description': None, 'premium_tier': 0, 'splash': None, 'embedded_activities': [], 'threads': [], 'presences': [{'user': {'id': '971085717591695400'}, 'status': 'online', 'game': None, 'client_status': {'web': 'online'}, 'activities': []}], 'premium_subscription_count': 0, 'stickers': [], 'members': [{'user': {'username': 'fruungl', 'id': '484021629928865792', 'discriminator': '5905', 'avatar': None}, 'roles': [], 'premium_since': None, 'pending': False, 'nick': None, 'mute': False, 'joined_at': '2022-05-03T16:26:35.727000+00:00', 'hoisted_role': None, 'flags': 0, 'deaf': False, 'communication_disabled_until': None, 'avatar': None}, {'user': {'username': 'Berber', 'id': '971085717591695400', 'discriminator': '1597', 'bot': True, 'avatar': None}, 'roles': ['971099736499159044'], 'premium_since': None, 'pending': False, 'nick': None, 'mute': False, 'joined_at': '2022-05-03T17:23:39.442000+00:00', 'hoisted_role': None, 'flags': 1, 'deaf': False, 'communication_disabled_until': None, 'avatar': None}], 'id': '971085376758370405', 'features': [], 'public_updates_channel_id': None, 'system_channel_flags': 0, 'banner': None, 'mfa_level': 0, 'hub_type': None, 'member_count': 2, 'guild_hashes': {'version': 1, 'roles': {'omitted': False, 'hash': 'OPVZkHwRNR4'}, 'metadata': {'omitted': False, 'hash': 'uzb3t+hSPV0'}, 'channels': {'omitted': False, 'hash': 'utSy0L78K5k'}}, 'owner_id': '484021629928865792', 'default_message_notifications': 0, 'joined_at': '2022-05-03T17:23:39.442000+00:00', 'explicit_content_filter': 0, 'verification_level': 0, 'channels': [{'type': 4, 'position': 0, 'permission_overwrites': [], 'name': 'Text Channels', 'id': '971085376758370406', 'flags': 0}, {'type': 4, 'position': 0, 'permission_overwrites': [], 'name': 'Voice Channels', 'id': '971085376758370407', 'flags': 0}, {'type': 0, 'topic': None, 'rate_limit_per_user': 0, 'position': 0, 'permission_overwrites': [], 'parent_id': '971085376758370406', 'name': 'general', 'last_message_id': '971107731052302346', 'id': '971085376758370408', 'flags': 0}, {'user_limit': 0, 'type': 2, 'rtc_region': None, 'rate_limit_per_user': 0, 'position': 0, 'permission_overwrites': [], 'parent_id': '971085376758370407', 'name': 'General', 'last_message_id': None, 'id': '971085376758370409', 'flags': 0, 'bitrate': 64000}, {'type': 0, 'topic': None, 'rate_limit_per_user': 0, 'position': 1, 'permission_overwrites': [], 'parent_id': '971085376758370406', 'name': 'test', 'last_message_id': '972509880936173628', 'id': '971096103963471902', 'flags': 0}]}}
2022-05-07 17:50:43,000:DEBUG:discord.client: Dispatching event socket_response
2022-05-07 17:50:43,000:DEBUG:discord.client: Dispatching event guild_available
2022-05-07 17:50:45,001:DEBUG:discord.client: Dispatching event ready
2022-05-07 17:50:45,219:DEBUG:discord.http: GET https://discord.com/api/v8/applications/971085717591695400/commands with None has returned 200
2022-05-07 17:50:45,219:DEBUG:discord.http: GET https://discord.com/api/v8/applications/971085717591695400/commands has received []
2022-05-07 17:50:45,423:DEBUG:discord.http: GET https://discord.com/api/v8/applications/971085717591695400/guilds/971085376758370405/commands with None has returned 200
2022-05-07 17:50:45,438:DEBUG:discord.http: GET https://discord.com/api/v8/applications/971085717591695400/guilds/971085376758370405/commands has received [{'id': '971099817084325908', 'application_id': '971085717591695400', 'version': '971110998725501038', 'default_permission': True, 'default_member_permissions': None, 'type': 1, 'name': 'clear', 'description': 'how many messages from the end to delete?', 'guild_id': '971085376758370405', 'options': [{'type': 4, 'name': 'quantity', 'description': 'type a integer', 'required': True}]}, {'id': '971099817084325909', 'application_id': '971085717591695400', 'version': '971112609149505537', 'default_permission': True, 'default_member_permissions': None, 'type': 1, 'name': 'avatar', 'description': 'shows user avatar', 'guild_id': '971085376758370405', 'options': [{'type': 9, 'name': 'user', 'description': 'select user', 'required': True}]}, {'id': '971118558182506506', 'application_id': '971085717591695400', 'version': '971118558182506507', 'default_permission': True, 'default_member_permissions': None, 'type': 1, 'name': 'clearfromuser', 'description': 'delete all messages from user', 'guild_id': '971085376758370405', 'options': [{'type': 9, 'name': 'user', 'description': 'select user', 'required': True}]}]
2022-05-07 17:50:45,610:DEBUG:discord.http: PUT https://discord.com/api/v8/applications/971085717591695400/guilds/971085376758370405/commands with [{"name":"avatar","description":"shows user avatar","options":[{"name":"user","description":"select user","type":9,"required":true,"choices":[]}],"default_permission":true,"type":1},{"name":"clear","description":"how many messages from the end to delete?","options":[{"name":"quantity","description":"type a integer","type":4,"required":true,"choices":[]}],"default_permission":true,"type":1},{"name":"clearfromuser","description":"delete all messages from user","options":[{"name":"user","description":"select user","type":9,"required":true,"choices":[]}],"default_permission":true,"type":1}] has returned 200
2022-05-07 17:50:45,610:DEBUG:discord.http: PUT https://discord.com/api/v8/applications/971085717591695400/guilds/971085376758370405/commands has received [{'id': '971099817084325909', 'application_id': '971085717591695400', 'version': '971112609149505537', 'default_permission': True, 'default_member_permissions': None, 'type': 1, 'name': 'avatar', 'name_localizations': None, 'description': 'shows user avatar', 'description_localizations': None, 'guild_id': '971085376758370405', 'options': [{'type': 9, 'name': 'user', 'name_localizations': None, 'description': 'select user', 'description_localizations': None, 'required': True}]}, {'id': '971099817084325908', 'application_id': '971085717591695400', 'version': '971110998725501038', 'default_permission': True, 'default_member_permissions': None, 'type': 1, 'name': 'clear', 'name_localizations': None, 'description': 'how many messages from the end to delete?', 'description_localizations': None, 'guild_id': '971085376758370405', 'options': [{'type': 4, 'name': 'quantity', 'name_localizations': None, 'description': 'type a integer', 'description_localizations': None, 'required': True}]}, {'id': '971118558182506506', 'application_id': '971085717591695400', 'version': '971118558182506507', 'default_permission': True, 'default_member_permissions': None, 'type': 1, 'name': 'clearfromuser', 'name_localizations': None, 'description': 'delete all messages from user', 'description_localizations': None, 'guild_id': '971085376758370405', 'options': [{'type': 9, 'name': 'user', 'name_localizations': None, 'description': 'select user', 'description_localizations': None, 'required': True}]}]
2022-05-07 17:51:03,727:DEBUG:discord.client: Dispatching event socket_raw_receive
2022-05-07 17:51:03,727:DEBUG:discord.gateway: For Shard ID None: WebSocket Event: {'t': 'TYPING_START', 's': 3, 'op': 0, 'd': {'user_id': '484021629928865792', 'timestamp': 1651935063, 'member': {'user': {'username': 'fruungl', 'id': '484021629928865792', 'discriminator': '5905', 'avatar': None}, 'roles': [], 'premium_since': None, 'pending': False, 'nick': None, 'mute': False, 'joined_at': '2022-05-03T16:26:35.727000+00:00', 'hoisted_role': None, 'flags': 0, 'deaf': False, 'communication_disabled_until': None, 'avatar': None}, 'channel_id': '971096103963471902', 'guild_id': '971085376758370405'}}
2022-05-07 17:51:03,727:DEBUG:discord.client: Dispatching event socket_response
2022-05-07 17:51:03,727:DEBUG:discord.client: Dispatching event typing
2022-05-07 17:51:04,751:DEBUG:discord.client: Dispatching event socket_raw_receive
2022-05-07 17:51:04,751:DEBUG:discord.gateway: For Shard ID None: WebSocket Event: {'t': 'MESSAGE_CREATE', 's': 4, 'op': 0, 'd': {'type': 0, 'tts': False, 'timestamp': '2022-05-07T14:51:04.773000+00:00', 'referenced_message': None, 'pinned': False, 'nonce': '972510889397714944', 'mentions': [], 'mention_roles': [], 'mention_everyone': False, 'member': {'roles': [], 'premium_since': None, 'pending': False, 'nick': None, 'mute': False, 'joined_at': '2022-05-03T16:26:35.727000+00:00', 'hoisted_role': None, 'flags': 0, 'deaf': False, 'communication_disabled_until': None, 'avatar': None}, 'id': '972510890916196483', 'flags': 0, 'embeds': [], 'edited_timestamp': None, 'content': '!help', 'components': [], 'channel_id': '971096103963471902', 'author': {'username': 'fruungl', 'public_flags': 0, 'id': '484021629928865792', 'discriminator': '5905', 'avatar_decoration': None, 'avatar': None}, 'attachments': [], 'guild_id': '971085376758370405'}}
2022-05-07 17:51:04,751:DEBUG:discord.client: Dispatching event socket_response
2022-05-07 17:51:04,751:DEBUG:discord.client: Dispatching event message
2022-05-07 17:51:04,751:DEBUG:discord.client: Dispatching event command
2022-05-07 17:51:05,015:DEBUG:discord.client: Dispatching event socket_raw_receive
2022-05-07 17:51:05,015:DEBUG:discord.gateway: For Shard ID None: WebSocket Event: {'t': 'MESSAGE_CREATE', 's': 5, 'op': 0, 'd': {'type': 0, 'tts': False, 'timestamp': '2022-05-07T14:51:05.048000+00:00', 'referenced_message': None, 'pinned': False, 'mentions': [], 'mention_roles': [], 'mention_everyone': False, 'member': {'roles': ['971099736499159044'], 'premium_since': None, 'pending': False, 'nick': None, 'mute': False, 'joined_at': '2022-05-03T17:23:39.442000+00:00', 'hoisted_role': None, 'flags': 1, 'deaf': False, 'communication_disabled_until': None, 'avatar': None}, 'id': '972510892069650432', 'flags': 0, 'embeds': [], 'edited_timestamp': None, 'content': '```\nSome useless bot.\n\n\u200bNo Category:\n  help Shows this message\n\nType !help command for more info on a command.\nYou can also type !help category for more info on a category.\n```', 'components': [], 'channel_id': '971096103963471902', 'author': {'username': 'Berber', 'public_flags': 0, 'id': '971085717591695400', 'discriminator': '1597', 'bot': True, 'avatar_decoration': None, 'avatar': None}, 'attachments': [], 'guild_id': '971085376758370405'}}
2022-05-07 17:51:05,016:DEBUG:discord.client: Dispatching event socket_response
2022-05-07 17:51:05,016:DEBUG:discord.client: Dispatching event message
2022-05-07 17:51:05,060:DEBUG:discord.http: POST https://discord.com/api/v7/channels/971096103963471902/messages with {"content":"```\nSome useless bot.\n\n\u200bNo Category:\n  help Shows this message\n\nType !help command for more info on a command.\nYou can also type !help category for more info on a category.\n```"} has returned 200
2022-05-07 17:51:05,065:DEBUG:discord.http: POST https://discord.com/api/v7/channels/971096103963471902/messages has received {'id': '972510892069650432', 'type': 0, 'content': '```\nSome useless bot.\n\n\u200bNo Category:\n  help Shows this message\n\nType !help command for more info on a command.\nYou can also type !help category for more info on a category.\n```', 'channel_id': '971096103963471902', 'author': {'id': '971085717591695400', 'username': 'Berber', 'avatar': None, 'avatar_decoration': None, 'discriminator': '1597', 'public_flags': 0, 'bot': True}, 'attachments': [], 'embeds': [], 'mentions': [], 'mention_roles': [], 'pinned': False, 'mention_everyone': False, 'tts': False, 'timestamp': '2022-05-07T14:51:05.048000+00:00', 'edited_timestamp': None, 'flags': 0, 'components': [], 'referenced_message': None}
2022-05-07 17:51:05,065:DEBUG:discord.client: Dispatching event command_completion
2022-05-07 17:51:10,472:DEBUG:discord.client: Dispatching event socket_raw_receive
2022-05-07 17:51:10,473:DEBUG:discord.gateway: For Shard ID None: WebSocket Event: {'t': 'TYPING_START', 's': 6, 'op': 0, 'd': {'user_id': '484021629928865792', 'timestamp': 1651935070, 'member': {'user': {'username': 'fruungl', 'id': '484021629928865792', 'discriminator': '5905', 'avatar': None}, 'roles': [], 'premium_since': None, 'pending': False, 'nick': None, 'mute': False, 'joined_at': '2022-05-03T16:26:35.727000+00:00', 'hoisted_role': None, 'flags': 0, 'deaf': False, 'communication_disabled_until': None, 'avatar': None}, 'channel_id': '971096103963471902', 'guild_id': '971085376758370405'}}
2022-05-07 17:51:10,473:DEBUG:discord.client: Dispatching event socket_response
2022-05-07 17:51:10,473:DEBUG:discord.client: Dispatching event typing
2022-05-07 17:51:10,868:DEBUG:discord.client: Dispatching event socket_raw_receive
2022-05-07 17:51:10,868:DEBUG:discord.gateway: For Shard ID None: WebSocket Event: {'t': 'MESSAGE_CREATE', 's': 7, 'op': 0, 'd': {'type': 0, 'tts': False, 'timestamp': '2022-05-07T14:51:10.907000+00:00', 'referenced_message': None, 'pinned': False, 'nonce': '972510915595337728', 'mentions': [], 'mention_roles': [], 'mention_everyone': False, 'member': {'roles': [], 'premium_since': None, 'pending': False, 'nick': None, 'mute': False, 'joined_at': '2022-05-03T16:26:35.727000+00:00', 'hoisted_role': None, 'flags': 0, 'deaf': False, 'communication_disabled_until': None, 'avatar': None}, 'id': '972510916644077678', 'flags': 0, 'embeds': [], 'edited_timestamp': None, 'content': '!clear 1', 'components': [], 'channel_id': '971096103963471902', 'author': {'username': 'fruungl', 'public_flags': 0, 'id': '484021629928865792', 'discriminator': '5905', 'avatar_decoration': None, 'avatar': None}, 'attachments': [], 'guild_id': '971085376758370405'}}
2022-05-07 17:51:10,868:DEBUG:discord.client: Dispatching event socket_response
2022-05-07 17:51:10,868:DEBUG:discord.client: Dispatching event message
2022-05-07 17:51:10,868:DEBUG:discord.client: Dispatching event command_error
2022-05-07 17:51:11,211:DEBUG:discord.client: Dispatching event socket_raw_receive
2022-05-07 17:51:11,211:DEBUG:discord.gateway: For Shard ID None: WebSocket Event: {'t': 'MESSAGE_CREATE', 's': 8, 'op': 0, 'd': {'type': 0, 'tts': False, 'timestamp': '2022-05-07T14:51:11.239000+00:00', 'referenced_message': None, 'pinned': False, 'mentions': [], 'mention_roles': [], 'mention_everyone': False, 'member': {'roles': ['971099736499159044'], 'premium_since': None, 'pending': False, 'nick': None, 'mute': False, 'joined_at': '2022-05-03T17:23:39.442000+00:00', 'hoisted_role': None, 'flags': 1, 'deaf': False, 'communication_disabled_until': None, 'avatar': None}, 'id': '972510918036570142', 'flags': 0, 'embeds': [], 'edited_timestamp': None, 'content': 'Invalid Command!', 'components': [], 'channel_id': '971096103963471902', 'author': {'username': 'Berber', 'public_flags': 0, 'id': '971085717591695400', 'discriminator': '1597', 'bot': True, 'avatar_decoration': None, 'avatar': None}, 'attachments': [], 'guild_id': '971085376758370405'}}
2022-05-07 17:51:11,212:DEBUG:discord.client: Dispatching event socket_response
2022-05-07 17:51:11,212:DEBUG:discord.client: Dispatching event message
2022-05-07 17:51:11,296:DEBUG:discord.http: POST https://discord.com/api/v7/channels/971096103963471902/messages with {"content":"Invalid Command!"} has returned 200
2022-05-07 17:51:11,297:DEBUG:discord.http: POST https://discord.com/api/v7/channels/971096103963471902/messages has received {'id': '972510918036570142', 'type': 0, 'content': 'Invalid Command!', 'channel_id': '971096103963471902', 'author': {'id': '971085717591695400', 'username': 'Berber', 'avatar': None, 'avatar_decoration': None, 'discriminator': '1597', 'public_flags': 0, 'bot': True}, 'attachments': [], 'embeds': [], 'mentions': [], 'mention_roles': [], 'pinned': False, 'mention_everyone': False, 'tts': False, 'timestamp': '2022-05-07T14:51:11.239000+00:00', 'edited_timestamp': None, 'flags': 0, 'components': [], 'referenced_message': None}
2022-05-07 17:51:14,895:DEBUG:discord.client: Dispatching event socket_raw_receive
2022-05-07 17:51:14,896:DEBUG:discord.gateway: For Shard ID None: WebSocket Event: {'t': 'TYPING_START', 's': 9, 'op': 0, 'd': {'user_id': '484021629928865792', 'timestamp': 1651935074, 'member': {'user': {'username': 'fruungl', 'id': '484021629928865792', 'discriminator': '5905', 'avatar': None}, 'roles': [], 'premium_since': None, 'pending': False, 'nick': None, 'mute': False, 'joined_at': '2022-05-03T16:26:35.727000+00:00', 'hoisted_role': None, 'flags': 0, 'deaf': False, 'communication_disabled_until': None, 'avatar': None}, 'channel_id': '971096103963471902', 'guild_id': '971085376758370405'}}
2022-05-07 17:51:14,896:DEBUG:discord.client: Dispatching event socket_response
2022-05-07 17:51:14,896:DEBUG:discord.client: Dispatching event typing
2022-05-07 17:51:20,384:DEBUG:discord.client: Dispatching event socket_raw_receive
2022-05-07 17:51:20,384:DEBUG:discord.gateway: For Shard ID None: WebSocket Event: {'t': 'INTERACTION_CREATE', 's': 10, 'op': 0, 'd': {'version': 1, 'type': 2, 'token': 'aW50ZXJhY3Rpb246OTcyNTEwOTU2NDk0MTI3MjI0OkwyWTJBelE4ekJDVHduNXlOUjNST0NTRDlHRnlsaDRzNkphRnFFeHdsSGlPZXpwc29qZXZmajlMb0xtSE9PSUhyWkVmdmhleGVGYzBDNENMYWhib29SU2gzandEaVIzNVBsV1IyTmZrMm1CcjJZUHpmemhSZWhjRU1ZN2NjRDF6', 'member': {'user': {'username': 'fruungl', 'public_flags': 0, 'id': '484021629928865792', 'discriminator': '5905', 'avatar_decoration': None, 'avatar': None}, 'roles': [], 'premium_since': None, 'permissions': '4398046511103', 'pending': False, 'nick': None, 'mute': False, 'joined_at': '2022-05-03T16:26:35.727000+00:00', 'is_pending': False, 'flags': 0, 'deaf': False, 'communication_disabled_until': None, 'avatar': None}, 'locale': 'ru', 'id': '972510956494127224', 'guild_locale': 'en-US', 'guild_id': '971085376758370405', 'data': {'type': 1, 'options': [{'value': 1, 'type': 4, 'name': 'quantity'}], 'name': 'clear', 'id': '971099817084325908', 'guild_id': '971085376758370405'}, 'channel_id': '971096103963471902', 'application_id': '971085717591695400'}}
2022-05-07 17:51:20,384:DEBUG:discord.client: Dispatching event socket_response
2022-05-07 17:51:20,384:DEBUG:discord.gateway: Unknown event INTERACTION_CREATE.
2022-05-07 17:51:20,384:DEBUG:discord.client: Dispatching event slash_command
2022-05-07 17:51:20,572:DEBUG:discord.http: GET https://discord.com/api/v7/channels/971096103963471902/messages with None has returned 200
2022-05-07 17:51:20,572:DEBUG:discord.http: GET https://discord.com/api/v7/channels/971096103963471902/messages has received [{'id': '972510918036570142', 'type': 0, 'content': 'Invalid Command!', 'channel_id': '971096103963471902', 'author': {'id': '971085717591695400', 'username': 'Berber', 'avatar': None, 'avatar_decoration': None, 'discriminator': '1597', 'public_flags': 0, 'bot': True}, 'attachments': [], 'embeds': [], 'mentions': [], 'mention_roles': [], 'pinned': False, 'mention_everyone': False, 'tts': False, 'timestamp': '2022-05-07T14:51:11.239000+00:00', 'edited_timestamp': None, 'flags': 0, 'components': []}]
2022-05-07 17:51:20,864:DEBUG:discord.client: Dispatching event socket_raw_receive
2022-05-07 17:51:20,864:DEBUG:discord.gateway: For Shard ID None: WebSocket Event: {'t': 'MESSAGE_DELETE', 's': 11, 'op': 0, 'd': {'id': '972510918036570142', 'channel_id': '971096103963471902', 'guild_id': '971085376758370405'}}
2022-05-07 17:51:20,864:DEBUG:discord.client: Dispatching event socket_response
2022-05-07 17:51:20,864:DEBUG:discord.client: Dispatching event raw_message_delete
2022-05-07 17:51:20,864:DEBUG:discord.client: Dispatching event message_delete
2022-05-07 17:51:20,865:DEBUG:discord.http: DELETE https://discord.com/api/v7/channels/971096103963471902/messages/972510918036570142 with None has returned 204
2022-05-07 17:51:20,865:DEBUG:discord.http: DELETE https://discord.com/api/v7/channels/971096103963471902/messages/972510918036570142 has received 
2022-05-07 17:51:21,069:DEBUG:discord.client: Dispatching event socket_raw_receive
2022-05-07 17:51:21,069:DEBUG:discord.gateway: For Shard ID None: WebSocket Event: {'t': 'MESSAGE_CREATE', 's': 12, 'op': 0, 'd': {'webhook_id': '971085717591695400', 'type': 0, 'tts': False, 'timestamp': '2022-05-07T14:51:21.104000+00:00', 'pinned': False, 'nonce': '972510955281842176', 'mentions': [], 'mention_roles': [], 'mention_everyone': False, 'member': {'roles': ['971099736499159044'], 'premium_since': None, 'pending': False, 'nick': None, 'mute': False, 'joined_at': '2022-05-03T17:23:39.442000+00:00', 'hoisted_role': None, 'flags': 1, 'deaf': False, 'communication_disabled_until': None, 'avatar': None}, 'interaction': {'user': {'username': 'fruungl', 'public_flags': 0, 'id': '484021629928865792', 'discriminator': '5905', 'avatar_decoration': None, 'avatar': None}, 'type': 2, 'name': 'clear', 'member': {'roles': [], 'premium_since': None, 'pending': False, 'nick': None, 'mute': False, 'joined_at': '2022-05-03T16:26:35.727000+00:00', 'hoisted_role': None, 'flags': 0, 'deaf': False, 'communication_disabled_until': None, 'avatar': None}, 'id': '972510956494127224'}, 'id': '972510959413375046', 'flags': 0, 'embeds': [], 'edited_timestamp': None, 'content': 'Deleted 1 messages', 'components': [], 'channel_id': '971096103963471902', 'author': {'username': 'Berber', 'public_flags': 0, 'id': '971085717591695400', 'discriminator': '1597', 'bot': True, 'avatar_decoration': None, 'avatar': None}, 'attachments': [], 'application_id': '971085717591695400', 'guild_id': '971085376758370405'}}
2022-05-07 17:51:21,069:DEBUG:discord.client: Dispatching event socket_response
2022-05-07 17:51:21,069:DEBUG:discord.client: Dispatching event message
2022-05-07 17:51:21,097:DEBUG:discord.http: POST https://discord.com/api/v8/interactions/972510956494127224/aW50ZXJhY3Rpb246OTcyNTEwOTU2NDk0MTI3MjI0OkwyWTJBelE4ekJDVHduNXlOUjNST0NTRDlHRnlsaDRzNkphRnFFeHdsSGlPZXpwc29qZXZmajlMb0xtSE9PSUhyWkVmdmhleGVGYzBDNENMYWhib29SU2gzandEaVIzNVBsV1IyTmZrMm1CcjJZUHpmemhSZWhjRU1ZN2NjRDF6/callback with {"type":4,"data":{"content":"Deleted 1 messages","tts":false,"embeds":[],"allowed_mentions":{},"components":[]}} has returned 204
2022-05-07 17:51:21,098:DEBUG:discord.http: POST https://discord.com/api/v8/interactions/972510956494127224/aW50ZXJhY3Rpb246OTcyNTEwOTU2NDk0MTI3MjI0OkwyWTJBelE4ekJDVHduNXlOUjNST0NTRDlHRnlsaDRzNkphRnFFeHdsSGlPZXpwc29qZXZmajlMb0xtSE9PSUhyWkVmdmhleGVGYzBDNENMYWhib29SU2gzandEaVIzNVBsV1IyTmZrMm1CcjJZUHpmemhSZWhjRU1ZN2NjRDF6/callback has received 
2022-05-07 17:51:21,316:DEBUG:discord.http: PATCH https://discord.com/api/v8/webhooks/971085717591695400/aW50ZXJhY3Rpb246OTcyNTEwOTU2NDk0MTI3MjI0OkwyWTJBelE4ekJDVHduNXlOUjNST0NTRDlHRnlsaDRzNkphRnFFeHdsSGlPZXpwc29qZXZmajlMb0xtSE9PSUhyWkVmdmhleGVGYzBDNENMYWhib29SU2gzandEaVIzNVBsV1IyTmZrMm1CcjJZUHpmemhSZWhjRU1ZN2NjRDF6/messages/@original with {} has returned 200
2022-05-07 17:51:21,317:DEBUG:discord.http: PATCH https://discord.com/api/v8/webhooks/971085717591695400/aW50ZXJhY3Rpb246OTcyNTEwOTU2NDk0MTI3MjI0OkwyWTJBelE4ekJDVHduNXlOUjNST0NTRDlHRnlsaDRzNkphRnFFeHdsSGlPZXpwc29qZXZmajlMb0xtSE9PSUhyWkVmdmhleGVGYzBDNENMYWhib29SU2gzandEaVIzNVBsV1IyTmZrMm1CcjJZUHpmemhSZWhjRU1ZN2NjRDF6/messages/@original has received {'id': '972510959413375046', 'type': 20, 'content': 'Deleted 1 messages', 'channel_id': '971096103963471902', 'author': {'id': '971085717591695400', 'username': 'Berber', 'avatar': None, 'avatar_decoration': None, 'discriminator': '1597', 'public_flags': 0, 'bot': True}, 'attachments': [], 'embeds': [], 'mentions': [], 'mention_roles': [], 'pinned': False, 'mention_everyone': False, 'tts': False, 'timestamp': '2022-05-07T14:51:21.104000+00:00', 'edited_timestamp': None, 'flags': 0, 'components': [], 'application_id': '971085717591695400', 'interaction': {'id': '972510956494127224', 'type': 2, 'name': 'clear', 'user': {'id': '484021629928865792', 'username': 'fruungl', 'avatar': None, 'avatar_decoration': None, 'discriminator': '5905', 'public_flags': 0}}, 'webhook_id': '971085717591695400'}
2022-05-07 17:51:21,495:DEBUG:discord.http: GET https://discord.com/api/v7/channels/971096103963471902/messages with None has returned 200
2022-05-07 17:51:21,496:DEBUG:discord.http: GET https://discord.com/api/v7/channels/971096103963471902/messages has received [{'id': '972510959413375046', 'type': 0, 'content': 'Deleted 1 messages', 'channel_id': '971096103963471902', 'author': {'id': '971085717591695400', 'username': 'Berber', 'avatar': None, 'avatar_decoration': None, 'discriminator': '1597', 'public_flags': 0, 'bot': True}, 'attachments': [], 'embeds': [], 'mentions': [], 'mention_roles': [], 'pinned': False, 'mention_everyone': False, 'tts': False, 'timestamp': '2022-05-07T14:51:21.104000+00:00', 'edited_timestamp': None, 'flags': 0, 'components': [], 'application_id': '971085717591695400', 'interaction': {'id': '972510956494127224', 'type': 2, 'name': 'clear', 'user': {'id': '484021629928865792', 'username': 'fruungl', 'avatar': None, 'avatar_decoration': None, 'discriminator': '5905', 'public_flags': 0}}, 'webhook_id': '971085717591695400'}]
2022-05-07 17:51:21,706:DEBUG:discord.client: Dispatching event socket_raw_receive
2022-05-07 17:51:21,706:DEBUG:discord.gateway: For Shard ID None: WebSocket Event: {'t': 'MESSAGE_DELETE', 's': 13, 'op': 0, 'd': {'id': '972510959413375046', 'channel_id': '971096103963471902', 'guild_id': '971085376758370405'}}
2022-05-07 17:51:21,706:DEBUG:discord.client: Dispatching event socket_response
2022-05-07 17:51:21,707:DEBUG:discord.client: Dispatching event raw_message_delete
2022-05-07 17:51:21,707:DEBUG:discord.client: Dispatching event message_delete
2022-05-07 17:51:21,711:DEBUG:discord.http: DELETE https://discord.com/api/v7/channels/971096103963471902/messages/972510959413375046 with None has returned 204
2022-05-07 17:51:21,711:DEBUG:discord.http: DELETE https://discord.com/api/v7/channels/971096103963471902/messages/972510959413375046 has received 
2022-05-07 17:51:23,899:DEBUG:discord.gateway: Keeping shard ID None websocket alive with sequence 13.
2022-05-07 17:51:24,026:DEBUG:discord.client: Dispatching event socket_raw_receive
2022-05-07 17:51:24,026:DEBUG:discord.gateway: For Shard ID None: WebSocket Event: {'t': None, 's': None, 'op': 11, 'd': None}
2022-05-07 17:51:24,026:DEBUG:discord.client: Dispatching event socket_response
2022-05-07 17:52:05,157:DEBUG:discord.gateway: Keeping shard ID None websocket alive with sequence 13.
2022-05-07 17:52:05,330:DEBUG:discord.client: Dispatching event socket_raw_receive
2022-05-07 17:52:05,331:DEBUG:discord.gateway: For Shard ID None: WebSocket Event: {'t': None, 's': None, 'op': 11, 'd': None}
2022-05-07 17:52:05,331:DEBUG:discord.client: Dispatching event socket_response
2022-05-07 17:52:46,411:DEBUG:discord.gateway: Keeping shard ID None websocket alive with sequence 13.
2022-05-07 17:52:46,606:DEBUG:discord.client: Dispatching event socket_raw_receive
2022-05-07 17:52:46,607:DEBUG:discord.gateway: For Shard ID None: WebSocket Event: {'t': None, 's': None, 'op': 11, 'd': None}
2022-05-07 17:52:46,607:DEBUG:discord.client: Dispatching event socket_response
2022-05-07 17:53:27,665:DEBUG:discord.gateway: Keeping shard ID None websocket alive with sequence 13.
2022-05-07 17:53:27,798:DEBUG:discord.client: Dispatching event socket_raw_receive
2022-05-07 17:53:27,799:DEBUG:discord.gateway: For Shard ID None: WebSocket Event: {'t': None, 's': None, 'op': 11, 'd': None}
2022-05-07 17:53:27,799:DEBUG:discord.client: Dispatching event socket_response
2022-05-07 17:54:08,927:DEBUG:discord.gateway: Keeping shard ID None websocket alive with sequence 13.
2022-05-07 17:54:09,064:DEBUG:discord.client: Dispatching event socket_raw_receive
2022-05-07 17:54:09,064:DEBUG:discord.gateway: For Shard ID None: WebSocket Event: {'t': None, 's': None, 'op': 11, 'd': None}
2022-05-07 17:54:09,064:DEBUG:discord.client: Dispatching event socket_response
2022-05-07 17:54:50,184:DEBUG:discord.gateway: Keeping shard ID None websocket alive with sequence 13.
2022-05-07 17:54:50,338:DEBUG:discord.client: Dispatching event socket_raw_receive
2022-05-07 17:54:50,338:DEBUG:discord.gateway: For Shard ID None: WebSocket Event: {'t': None, 's': None, 'op': 11, 'd': None}
2022-05-07 17:54:50,338:DEBUG:discord.client: Dispatching event socket_response
2022-05-07 17:55:20,064:INFO:discord.client: Received signal to terminate bot and event loop.
2022-05-07 17:55:20,064:INFO:discord.client: Cleaning up tasks.
2022-05-07 17:55:20,064:INFO:discord.client: Cleaning up after 1 tasks.
2022-05-07 17:55:20,066:INFO:discord.client: All tasks finished cancelling.
2022-05-07 17:55:20,067:INFO:discord.client: Closing the event loop.
